app/build/intermediates/manifest_merge_blame_file/debug/manifest-merger-blame-debug-report.txt
1<?xml version="1.0" encoding="utf-8"?>
2<manifest xmlns:android="http://schemas.android.com/apk/res/android"
3    package="com.example.newsheadlines"
4    android:versionCode="1"
5    android:versionName="1.0" >
6
7    <uses-sdk
8        android:minSdkVersion="21"
8-->src\main\AndroidManifest.xml
9        android:targetSdkVersion="33" />
9-->src\main\AndroidManifest.xml
10
11    <uses-permission android:name="android.permission.INTERNET" />
11-->src\main\AndroidManifest.xml:4:5-66
11-->src\main\AndroidManifest.xml:4:22-64
12    <uses-permission android:name="android.permission.ACCESS_WIFI_STATE" />
12-->src\main\AndroidManifest.xml:5:5-75
12-->src\main\AndroidManifest.xml:5:22-73
13    <uses-permission android:name="android.permission.ACCESS_NETWORK_STATE" />
13-->[com.google.firebase:firebase-auth:22.1.0] AndroidManifest.xml:26:5-79
13-->[com.google.firebase:firebase-auth:22.1.0] AndroidManifest.xml:26:22-76
14
15    <application
15-->src\main\AndroidManifest.xml:6:5-41:19
16        android:allowBackup="true"
16-->src\main\AndroidManifest.xml:7:9-35
17        android:appComponentFactory="androidx.core.app.CoreComponentFactory"
17-->[androidx.core:core:1.7.0] AndroidManifest.xml:24:18-86
18        android:dataExtractionRules="@xml/data_extraction_rules"
18-->src\main\AndroidManifest.xml:8:9-65
19        android:debuggable="true"
20        android:fullBackupContent="@xml/backup_rules"
20-->src\main\AndroidManifest.xml:9:9-54
21        android:icon="@drawable/newsappiconmy"
21-->src\main\AndroidManifest.xml:10:9-47
22        android:label="@string/app_name"
22-->src\main\AndroidManifest.xml:11:9-41
23        android:supportsRtl="true"
23-->src\main\AndroidManifest.xml:12:9-35
24        android:testOnly="true"
25        android:theme="@style/Theme.NewsHeadlines" >
25-->src\main\AndroidManifest.xml:13:9-51
26        <activity
26-->src\main\AndroidManifest.xml:15:9-19:58
27            android:name="com.example.newsheadlines.DisplayNews"
27-->src\main\AndroidManifest.xml:16:13-40
28            android:exported="false"
28-->src\main\AndroidManifest.xml:17:13-37
29            android:label="@string/title_activity_display_news"
29-->src\main\AndroidManifest.xml:18:13-64
30            android:theme="@style/Theme.NewsHeadlines" />
30-->src\main\AndroidManifest.xml:19:13-55
31        <activity
31-->src\main\AndroidManifest.xml:20:9-24:58
32            android:name="com.example.newsheadlines.RegistrationActivity"
32-->src\main\AndroidManifest.xml:21:13-49
33            android:exported="false"
33-->src\main\AndroidManifest.xml:22:13-37
34            android:label="@string/title_activity_registration"
34-->src\main\AndroidManifest.xml:23:13-64
35            android:theme="@style/Theme.NewsHeadlines" />
35-->src\main\AndroidManifest.xml:24:13-55
36        <activity
36-->src\main\AndroidManifest.xml:25:9-29:58
37            android:name="com.example.newsheadlines.MainPage"
37-->src\main\AndroidManifest.xml:26:13-37
38            android:exported="false"
38-->src\main\AndroidManifest.xml:27:13-37
39            android:label="@string/title_activity_main_page"
39-->src\main\AndroidManifest.xml:28:13-61
40            android:theme="@style/Theme.NewsHeadlines" />
40-->src\main\AndroidManifest.xml:29:13-55
41        <activity
41-->src\main\AndroidManifest.xml:30:9-40:20
42            android:name="com.example.newsheadlines.LoginActivity"
42-->src\main\AndroidManifest.xml:31:13-42
43            android:exported="true"
43-->src\main\AndroidManifest.xml:32:13-36
44            android:label="@string/app_name"
44-->src\main\AndroidManifest.xml:33:13-45
45            android:theme="@style/Theme.NewsHeadlines" >
45-->src\main\AndroidManifest.xml:34:13-55
46            <intent-filter>
46-->src\main\AndroidManifest.xml:35:13-39:29
47                <action android:name="android.intent.action.MAIN" />
47-->src\main\AndroidManifest.xml:36:17-69
47-->src\main\AndroidManifest.xml:36:25-66
48
49                <category android:name="android.intent.category.LAUNCHER" />
49-->src\main\AndroidManifest.xml:38:17-77
49-->src\main\AndroidManifest.xml:38:27-74
50            </intent-filter>
51        </activity>
52
53        <service
53-->[androidx.room:room-runtime:2.5.0] AndroidManifest.xml:24:9-28:63
54            android:name="androidx.room.MultiInstanceInvalidationService"
54-->[androidx.room:room-runtime:2.5.0] AndroidManifest.xml:25:13-74
55            android:directBootAware="true"
55-->[androidx.room:room-runtime:2.5.0] AndroidManifest.xml:26:13-43
56            android:exported="false" />
56-->[androidx.room:room-runtime:2.5.0] AndroidManifest.xml:27:13-37
57
58        <activity
58-->[androidx.compose.ui:ui-tooling:1.2.0] AndroidManifest.xml:24:9-26:39
59            android:name="androidx.compose.ui.tooling.PreviewActivity"
59-->[androidx.compose.ui:ui-tooling:1.2.0] AndroidManifest.xml:25:13-71
60            android:exported="true" />
60-->[androidx.compose.ui:ui-tooling:1.2.0] AndroidManifest.xml:26:13-36
61
62        <service
62-->[com.google.firebase:firebase-auth-ktx:22.1.0] AndroidManifest.xml:8:9-14:19
63            android:name="com.google.firebase.components.ComponentDiscoveryService"
63-->[com.google.firebase:firebase-auth-ktx:22.1.0] AndroidManifest.xml:9:13-84
64            android:directBootAware="true"
64-->[com.google.firebase:firebase-common:20.3.2] AndroidManifest.xml:34:13-43
65            android:exported="false" >
65-->[com.google.firebase:firebase-auth-ktx:22.1.0] AndroidManifest.xml:10:13-37
66            <meta-data
66-->[com.google.firebase:firebase-auth-ktx:22.1.0] AndroidManifest.xml:11:13-13:85
67                android:name="com.google.firebase.components:com.google.firebase.auth.ktx.FirebaseAuthKtxRegistrar"
67-->[com.google.firebase:firebase-auth-ktx:22.1.0] AndroidManifest.xml:12:17-116
68                android:value="com.google.firebase.components.ComponentRegistrar" />
68-->[com.google.firebase:firebase-auth-ktx:22.1.0] AndroidManifest.xml:13:17-82
69            <meta-data
69-->[com.google.firebase:firebase-common-ktx:20.2.0] AndroidManifest.xml:14:13-16:85
70                android:name="com.google.firebase.components:com.google.firebase.ktx.FirebaseCommonKtxRegistrar"
70-->[com.google.firebase:firebase-common-ktx:20.2.0] AndroidManifest.xml:15:17-113
71                android:value="com.google.firebase.components.ComponentRegistrar" />
71-->[com.google.firebase:firebase-common-ktx:20.2.0] AndroidManifest.xml:16:17-82
72            <meta-data
72-->[com.google.firebase:firebase-auth:22.1.0] AndroidManifest.xml:69:13-71:85
73                android:name="com.google.firebase.components:com.google.firebase.auth.FirebaseAuthRegistrar"
73-->[com.google.firebase:firebase-auth:22.1.0] AndroidManifest.xml:70:17-109
74                android:value="com.google.firebase.components.ComponentRegistrar" />
74-->[com.google.firebase:firebase-auth:22.1.0] AndroidManifest.xml:71:17-82
75        </service>
76
77        <activity
77-->[com.google.firebase:firebase-auth:22.1.0] AndroidManifest.xml:29:9-46:20
78            android:name="com.google.firebase.auth.internal.GenericIdpActivity"
78-->[com.google.firebase:firebase-auth:22.1.0] AndroidManifest.xml:30:13-80
79            android:excludeFromRecents="true"
79-->[com.google.firebase:firebase-auth:22.1.0] AndroidManifest.xml:31:13-46
80            android:exported="true"
80-->[com.google.firebase:firebase-auth:22.1.0] AndroidManifest.xml:32:13-36
81            android:launchMode="singleTask"
81-->[com.google.firebase:firebase-auth:22.1.0] AndroidManifest.xml:33:13-44
82            android:theme="@android:style/Theme.Translucent.NoTitleBar" >
82-->[com.google.firebase:firebase-auth:22.1.0] AndroidManifest.xml:34:13-72
83            <intent-filter>
83-->[com.google.firebase:firebase-auth:22.1.0] AndroidManifest.xml:35:13-45:29
84                <action android:name="android.intent.action.VIEW" />
84-->[com.google.firebase:firebase-auth:22.1.0] AndroidManifest.xml:36:17-69
84-->[com.google.firebase:firebase-auth:22.1.0] AndroidManifest.xml:36:25-66
85
86                <category android:name="android.intent.category.DEFAULT" />
86-->[com.google.firebase:firebase-auth:22.1.0] AndroidManifest.xml:38:17-76
86-->[com.google.firebase:firebase-auth:22.1.0] AndroidManifest.xml:38:27-73
87                <category android:name="android.intent.category.BROWSABLE" />
87-->[com.google.firebase:firebase-auth:22.1.0] AndroidManifest.xml:39:17-78
87-->[com.google.firebase:firebase-auth:22.1.0] AndroidManifest.xml:39:27-75
88
89                <data
89-->[com.google.firebase:firebase-auth:22.1.0] AndroidManifest.xml:41:17-44:51
90                    android:host="firebase.auth"
90-->[com.google.firebase:firebase-auth:22.1.0] AndroidManifest.xml:42:21-49
91                    android:path="/"
91-->[com.google.firebase:firebase-auth:22.1.0] AndroidManifest.xml:43:21-37
92                    android:scheme="genericidp" />
92-->[com.google.firebase:firebase-auth:22.1.0] AndroidManifest.xml:44:21-48
93            </intent-filter>
94        </activity>
95        <activity
95-->[com.google.firebase:firebase-auth:22.1.0] AndroidManifest.xml:47:9-64:20
96            android:name="com.google.firebase.auth.internal.RecaptchaActivity"
96-->[com.google.firebase:firebase-auth:22.1.0] AndroidManifest.xml:48:13-79
97            android:excludeFromRecents="true"
97-->[com.google.firebase:firebase-auth:22.1.0] AndroidManifest.xml:49:13-46
98            android:exported="true"
98-->[com.google.firebase:firebase-auth:22.1.0] AndroidManifest.xml:50:13-36
99            android:launchMode="singleTask"
99-->[com.google.firebase:firebase-auth:22.1.0] AndroidManifest.xml:51:13-44
100            android:theme="@android:style/Theme.Translucent.NoTitleBar" >
100-->[com.google.firebase:firebase-auth:22.1.0] AndroidManifest.xml:52:13-72
101            <intent-filter>
101-->[com.google.firebase:firebase-auth:22.1.0] AndroidManifest.xml:53:13-63:29
102                <action android:name="android.intent.action.VIEW" />
102-->[com.google.firebase:firebase-auth:22.1.0] AndroidManifest.xml:36:17-69
102-->[com.google.firebase:firebase-auth:22.1.0] AndroidManifest.xml:36:25-66
103
104                <category android:name="android.intent.category.DEFAULT" />
104-->[com.google.firebase:firebase-auth:22.1.0] AndroidManifest.xml:38:17-76
104-->[com.google.firebase:firebase-auth:22.1.0] AndroidManifest.xml:38:27-73
105                <category android:name="android.intent.category.BROWSABLE" />
105-->[com.google.firebase:firebase-auth:22.1.0] AndroidManifest.xml:39:17-78
105-->[com.google.firebase:firebase-auth:22.1.0] AndroidManifest.xml:39:27-75
106
107                <data
107-->[com.google.firebase:firebase-auth:22.1.0] AndroidManifest.xml:41:17-44:51
108                    android:host="firebase.auth"
108-->[com.google.firebase:firebase-auth:22.1.0] AndroidManifest.xml:42:21-49
109                    android:path="/"
109-->[com.google.firebase:firebase-auth:22.1.0] AndroidManifest.xml:43:21-37
110                    android:scheme="recaptcha" />
110-->[com.google.firebase:firebase-auth:22.1.0] AndroidManifest.xml:44:21-48
111            </intent-filter>
112        </activity>
113        <activity
113-->[androidx.compose.ui:ui-test-manifest:1.2.0] AndroidManifest.xml:24:9-26:39
114            android:name="androidx.activity.ComponentActivity"
114-->[androidx.compose.ui:ui-test-manifest:1.2.0] AndroidManifest.xml:25:13-63
115            android:exported="true" />
115-->[androidx.compose.ui:ui-test-manifest:1.2.0] AndroidManifest.xml:26:13-36
116
117        <provider
117-->[com.google.firebase:firebase-common:20.3.2] AndroidManifest.xml:25:9-30:39
118            android:name="com.google.firebase.provider.FirebaseInitProvider"
118-->[com.google.firebase:firebase-common:20.3.2] AndroidManifest.xml:26:13-77
119            android:authorities="com.example.newsheadlines.firebaseinitprovider"
119-->[com.google.firebase:firebase-common:20.3.2] AndroidManifest.xml:27:13-72
120            android:directBootAware="true"
120-->[com.google.firebase:firebase-common:20.3.2] AndroidManifest.xml:28:13-43
121            android:exported="false"
121-->[com.google.firebase:firebase-common:20.3.2] AndroidManifest.xml:29:13-37
122            android:initOrder="100" />
122-->[com.google.firebase:firebase-common:20.3.2] AndroidManifest.xml:30:13-36
123
124        <activity
124-->[com.google.android.gms:play-services-base:18.0.1] AndroidManifest.xml:20:9-22:45
125            android:name="com.google.android.gms.common.api.GoogleApiActivity"
125-->[com.google.android.gms:play-services-base:18.0.1] AndroidManifest.xml:20:19-85
126            android:exported="false"
126-->[com.google.android.gms:play-services-base:18.0.1] AndroidManifest.xml:22:19-43
127            android:theme="@android:style/Theme.Translucent.NoTitleBar" />
127-->[com.google.android.gms:play-services-base:18.0.1] AndroidManifest.xml:21:19-78
128
129        <meta-data
129-->[com.google.android.gms:play-services-basement:18.1.0] AndroidManifest.xml:21:9-23:69
130            android:name="com.google.android.gms.version"
130-->[com.google.android.gms:play-services-basement:18.1.0] AndroidManifest.xml:22:13-58
131            android:value="@integer/google_play_services_version" />
131-->[com.google.android.gms:play-services-basement:18.1.0] AndroidManifest.xml:23:13-66
132
133        <provider
133-->[androidx.profileinstaller:profileinstaller:1.2.0] AndroidManifest.xml:25:9-33:20
134            android:name="androidx.startup.InitializationProvider"
134-->[androidx.profileinstaller:profileinstaller:1.2.0] AndroidManifest.xml:26:13-67
135            android:authorities="com.example.newsheadlines.androidx-startup"
135-->[androidx.profileinstaller:profileinstaller:1.2.0] AndroidManifest.xml:27:13-68
136            android:exported="false" >
136-->[androidx.profileinstaller:profileinstaller:1.2.0] AndroidManifest.xml:28:13-37
137            <meta-data
137-->[androidx.profileinstaller:profileinstaller:1.2.0] AndroidManifest.xml:30:13-32:52
138                android:name="androidx.profileinstaller.ProfileInstallerInitializer"
138-->[androidx.profileinstaller:profileinstaller:1.2.0] AndroidManifest.xml:31:17-85
139                android:value="androidx.startup" />
139-->[androidx.profileinstaller:profileinstaller:1.2.0] AndroidManifest.xml:32:17-49
140        </provider>
141
142        <receiver
142-->[androidx.profileinstaller:profileinstaller:1.2.0] AndroidManifest.xml:35:9-47:20
143            android:name="androidx.profileinstaller.ProfileInstallReceiver"
143-->[androidx.profileinstaller:profileinstaller:1.2.0] AndroidManifest.xml:36:13-76
144            android:directBootAware="false"
144-->[androidx.profileinstaller:profileinstaller:1.2.0] AndroidManifest.xml:37:13-44
145            android:enabled="true"
145-->[androidx.profileinstaller:profileinstaller:1.2.0] AndroidManifest.xml:38:13-35
146            android:exported="true"
146-->[androidx.profileinstaller:profileinstaller:1.2.0] AndroidManifest.xml:39:13-36
147            android:permission="android.permission.DUMP" >
147-->[androidx.profileinstaller:profileinstaller:1.2.0] AndroidManifest.xml:40:13-57
148            <intent-filter>
148-->[androidx.profileinstaller:profileinstaller:1.2.0] AndroidManifest.xml:41:13-43:29
149                <action android:name="androidx.profileinstaller.action.INSTALL_PROFILE" />
149-->[androidx.profileinstaller:profileinstaller:1.2.0] AndroidManifest.xml:42:17-91
149-->[androidx.profileinstaller:profileinstaller:1.2.0] AndroidManifest.xml:42:25-88
150            </intent-filter>
151            <intent-filter>
151-->[androidx.profileinstaller:profileinstaller:1.2.0] AndroidManifest.xml:44:13-46:29
152                <action android:name="androidx.profileinstaller.action.SKIP_FILE" />
152-->[androidx.profileinstaller:profileinstaller:1.2.0] AndroidManifest.xml:45:17-85
152-->[androidx.profileinstaller:profileinstaller:1.2.0] AndroidManifest.xml:45:25-82
153            </intent-filter>
154        </receiver>
155    </application>
156
157</manifest>